<?xml version="1.0" encoding="UTF-8"?>
<testsuite name="io.openems.edge.controller.temperature.overseer.ControllerOverseerImplTest" tests="1" skipped="0" failures="0" errors="0" timestamp="2021-09-15T13:26:35" hostname="felix-ThinkPad-E15-Gen-2" time="0.107">
  <properties/>
  <testcase name="testNoError" classname="io.openems.edge.controller.temperature.overseer.ControllerOverseerImplTest" time="0.107"/>
  <system-out><![CDATA[]]></system-out>
  <system-err><![CDATA[[Test worker] INFO io.openems.edge.common.component.AbstractOpenemsComponent - [source] Activate DummyThermometer
[Test worker] INFO io.openems.edge.common.component.AbstractOpenemsComponent - [target] Activate DummyThermometer
[Test worker] INFO io.openems.edge.common.component.AbstractOpenemsComponent - [exception] Activate DummyDecentralizedHeater
[Test worker] INFO io.openems.edge.common.component.AbstractOpenemsComponent - [test] Activate DummyTimer
[Test worker] INFO io.openems.edge.common.component.AbstractOpenemsComponent - [ControllerOverseer0] Activate ControllerHeatnetworkWatchdogImpl
[Test worker] INFO io.openems.edge.common.component.AbstractOpenemsComponent - [ControllerOverseer0] Activate ControllerHeatnetworkWatchdogImpl
]]></system-err>
</testsuite>
